c:\neumontworkspace\graphics programming\2d\raytracer\x64\debug\vc143.pdb
c:\neumontworkspace\graphics programming\2d\raytracer\x64\debug\vc143.idb
c:\neumontworkspace\graphics programming\2d\raytracer\x64\debug\tracer.obj
c:\neumontworkspace\graphics programming\2d\raytracer\x64\debug\sphere.obj
c:\neumontworkspace\graphics programming\2d\raytracer\x64\debug\scene.obj
c:\neumontworkspace\graphics programming\2d\raytracer\x64\debug\renderer.obj
c:\neumontworkspace\graphics programming\2d\raytracer\x64\debug\postprocess.obj
c:\neumontworkspace\graphics programming\2d\raytracer\x64\debug\plane.obj
c:\neumontworkspace\graphics programming\2d\raytracer\x64\debug\model.obj
c:\neumontworkspace\graphics programming\2d\raytracer\x64\debug\material.obj
c:\neumontworkspace\graphics programming\2d\raytracer\x64\debug\input.obj
c:\neumontworkspace\graphics programming\2d\raytracer\x64\debug\image.obj
c:\neumontworkspace\graphics programming\2d\raytracer\x64\debug\framebuffer.obj
c:\neumontworkspace\graphics programming\2d\raytracer\x64\debug\etime.obj
c:\neumontworkspace\graphics programming\2d\raytracer\x64\debug\color.obj
c:\neumontworkspace\graphics programming\2d\raytracer\x64\debug\camera.obj
c:\neumontworkspace\graphics programming\2d\raytracer\x64\debug\actor.obj
c:\neumontworkspace\graphics programming\2d\raytracer\x64\debug\main.obj
c:\neumontworkspace\graphics programming\2d\x64\debug\raytracer.exe
c:\neumontworkspace\graphics programming\2d\x64\debug\raytracer.pdb
c:\neumontworkspace\graphics programming\2d\raytracer\x64\debug\raytracer.ilk
c:\neumontworkspace\graphics programming\2d\raytracer\x64\debug\raytracer.tlog\cl.command.1.tlog
c:\neumontworkspace\graphics programming\2d\raytracer\x64\debug\raytracer.tlog\cl.items.tlog
c:\neumontworkspace\graphics programming\2d\raytracer\x64\debug\raytracer.tlog\cl.read.1.tlog
c:\neumontworkspace\graphics programming\2d\raytracer\x64\debug\raytracer.tlog\cl.write.1.tlog
c:\neumontworkspace\graphics programming\2d\raytracer\x64\debug\raytracer.tlog\link.command.1.tlog
c:\neumontworkspace\graphics programming\2d\raytracer\x64\debug\raytracer.tlog\link.read.1.tlog
c:\neumontworkspace\graphics programming\2d\raytracer\x64\debug\raytracer.tlog\link.secondary.1.tlog
c:\neumontworkspace\graphics programming\2d\raytracer\x64\debug\raytracer.tlog\link.write.1.tlog
