  Actor.cpp
  Camera.cpp
  Color.cpp
  ETime.cpp
  Framebuffer.cpp
  Main.cpp
C:\NeumontWorkspace\Graphics Programming\2D\RayTracer\Source\Main.cpp(45,29): warning C4305: 'argument': truncation from 'double' to 'float'
C:\NeumontWorkspace\Graphics Programming\2D\RayTracer\Source\Main.cpp(45,24): warning C4305: 'argument': truncation from 'double' to 'float'
C:\NeumontWorkspace\Graphics Programming\2D\RayTracer\Source\Main.cpp(132,29): warning C4305: 'argument': truncation from 'double' to 'float'
C:\NeumontWorkspace\Graphics Programming\2D\RayTracer\Source\Main.cpp(132,59): warning C4305: 'argument': truncation from 'double' to 'float'
C:\NeumontWorkspace\Graphics Programming\2D\RayTracer\Source\Main.cpp(132,54): warning C4305: 'argument': truncation from 'double' to 'float'
C:\Program Files\Microsoft Visual Studio\2022\Community\VC\Tools\MSVC\14.39.33519\include\xutility(241,76): warning C4244: 'argument': conversion from '_Ty' to 'float', possible loss of data
C:\Program Files\Microsoft Visual Studio\2022\Community\VC\Tools\MSVC\14.39.33519\include\xutility(241,76): warning C4244:         with
C:\Program Files\Microsoft Visual Studio\2022\Community\VC\Tools\MSVC\14.39.33519\include\xutility(241,76): warning C4244:         [
C:\Program Files\Microsoft Visual Studio\2022\Community\VC\Tools\MSVC\14.39.33519\include\xutility(241,76): warning C4244:             _Ty=int
C:\Program Files\Microsoft Visual Studio\2022\Community\VC\Tools\MSVC\14.39.33519\include\xutility(241,76): warning C4244:         ]
  (compiling source file 'Source/Main.cpp')
  C:\Program Files\Microsoft Visual Studio\2022\Community\VC\Tools\MSVC\14.39.33519\include\xutility(241,76):
  the template instantiation context (the oldest one first) is
  	C:\NeumontWorkspace\Graphics Programming\2D\RayTracer\Source\Main.cpp(134,46):
  	see reference to function template instantiation 'std::shared_ptr<Emissive> std::make_shared<Emissive,color3_t,int>(color3_t &&,int &&)' being compiled
  	C:\Program Files\Microsoft Visual Studio\2022\Community\VC\Tools\MSVC\14.39.33519\include\memory(2738,46):
  	see reference to function template instantiation 'std::_Ref_count_obj2<Emissive>::_Ref_count_obj2<_Ty,int>(_Ty &&,int &&)' being compiled
          with
          [
              _Ty=color3_t
          ]
  	C:\Program Files\Microsoft Visual Studio\2022\Community\VC\Tools\MSVC\14.39.33519\include\memory(2062,18):
  	see reference to function template instantiation 'void std::_Construct_in_place<_Ty,glm::vec<3,float,glm::packed_highp>,int>(_Ty &,glm::vec<3,float,glm::packed_highp> &&,int &&) noexcept(false)' being compiled
          with
          [
              _Ty=Emissive
          ]
  	C:\Program Files\Microsoft Visual Studio\2022\Community\VC\Tools\MSVC\14.39.33519\include\xutility(251,14):
  	see reference to function template instantiation '_Ty *std::construct_at<_Ty,glm::vec<3,float,glm::packed_highp>,int,0x0>(_Ty *const ,glm::vec<3,float,glm::packed_highp> &&,int &&) noexcept(<expr>)' being compiled
          with
          [
              _Ty=Emissive
          ]
  
C:\Program Files\Microsoft Visual Studio\2022\Community\VC\Tools\MSVC\14.39.33519\include\xutility(255,82): warning C4244: 'argument': conversion from '_Ty' to 'float', possible loss of data
C:\Program Files\Microsoft Visual Studio\2022\Community\VC\Tools\MSVC\14.39.33519\include\xutility(255,82): warning C4244:         with
C:\Program Files\Microsoft Visual Studio\2022\Community\VC\Tools\MSVC\14.39.33519\include\xutility(255,82): warning C4244:         [
C:\Program Files\Microsoft Visual Studio\2022\Community\VC\Tools\MSVC\14.39.33519\include\xutility(255,82): warning C4244:             _Ty=int
C:\Program Files\Microsoft Visual Studio\2022\Community\VC\Tools\MSVC\14.39.33519\include\xutility(255,82): warning C4244:         ]
  (compiling source file 'Source/Main.cpp')
  
C:\Program Files\Microsoft Visual Studio\2022\Community\VC\Tools\MSVC\14.39.33519\include\xutility(242,90): warning C4244: 'argument': conversion from '_Ty' to 'float', possible loss of data
C:\Program Files\Microsoft Visual Studio\2022\Community\VC\Tools\MSVC\14.39.33519\include\xutility(242,90): warning C4244:         with
C:\Program Files\Microsoft Visual Studio\2022\Community\VC\Tools\MSVC\14.39.33519\include\xutility(242,90): warning C4244:         [
C:\Program Files\Microsoft Visual Studio\2022\Community\VC\Tools\MSVC\14.39.33519\include\xutility(242,90): warning C4244:             _Ty=int
C:\Program Files\Microsoft Visual Studio\2022\Community\VC\Tools\MSVC\14.39.33519\include\xutility(242,90): warning C4244:         ]
  (compiling source file 'Source/Main.cpp')
  C:\Program Files\Microsoft Visual Studio\2022\Community\VC\Tools\MSVC\14.39.33519\include\xutility(242,90):
  the template instantiation context (the oldest one first) is
  	C:\Program Files\Microsoft Visual Studio\2022\Community\VC\Tools\MSVC\14.39.33519\include\memory(2062,18):
  	see reference to function template instantiation 'void std::_Construct_in_place<_Ty,glm::vec<3,float,glm::packed_highp>,int>(_Ty &,glm::vec<3,float,glm::packed_highp> &&,int &&) noexcept(false)' being compiled
          with
          [
              _Ty=Emissive
          ]
  	C:\Program Files\Microsoft Visual Studio\2022\Community\VC\Tools\MSVC\14.39.33519\include\xutility(251,14):
  	see reference to function template instantiation '_Ty *std::construct_at<_Ty,glm::vec<3,float,glm::packed_highp>,int,0x0>(_Ty *const ,glm::vec<3,float,glm::packed_highp> &&,int &&) noexcept(false)' being compiled
          with
          [
              _Ty=Emissive
          ]
  
  Material.cpp
  Model.cpp
  Plane.cpp
  PostProcess.cpp
  Renderer.cpp
  Scene.cpp
  Sphere.cpp
  Tracer.cpp
  Triangle.cpp
  Generating Code...
  RayTracer.vcxproj -> C:\NeumontWorkspace\Graphics Programming\2D\x64\Debug\RayTracer.exe
