c:\neumontworkspace\graphics programming\2d\2d\x64\debug\vc143.pdb
c:\neumontworkspace\graphics programming\2d\2d\x64\debug\vc143.idb
c:\neumontworkspace\graphics programming\2d\2d\x64\debug\main.obj
c:\neumontworkspace\graphics programming\2d\2d\x64\debug\renderer.obj
c:\neumontworkspace\graphics programming\2d\2d\x64\debug\framebuffer.obj
c:\neumontworkspace\graphics programming\2d\2d\x64\debug\image.obj
c:\neumontworkspace\graphics programming\2d\2d\x64\debug\postprocess.obj
c:\neumontworkspace\graphics programming\2d\2d\x64\debug\color.obj
c:\neumontworkspace\graphics programming\2d\2d\x64\debug\model.obj
c:\neumontworkspace\graphics programming\2d\2d\x64\debug\input.obj
c:\neumontworkspace\graphics programming\2d\2d\x64\debug\etime.obj
c:\neumontworkspace\graphics programming\2d\2d\x64\debug\camera.obj
c:\neumontworkspace\graphics programming\2d\2d\x64\debug\actor.obj
c:\neumontworkspace\graphics programming\2d\x64\debug\2d.exe
c:\neumontworkspace\graphics programming\2d\x64\debug\2d.pdb
c:\neumontworkspace\graphics programming\2d\2d\x64\debug\2d.ilk
c:\neumontworkspace\graphics programming\2d\2d\x64\debug\softwarerenderer.ilk
c:\neumontworkspace\graphics programming\2d\2d\x64\debug\2d.tlog\cl.command.1.tlog
c:\neumontworkspace\graphics programming\2d\2d\x64\debug\2d.tlog\cl.items.tlog
c:\neumontworkspace\graphics programming\2d\2d\x64\debug\2d.tlog\cl.read.1.tlog
c:\neumontworkspace\graphics programming\2d\2d\x64\debug\2d.tlog\cl.write.1.tlog
c:\neumontworkspace\graphics programming\2d\2d\x64\debug\2d.tlog\link.command.1.tlog
c:\neumontworkspace\graphics programming\2d\2d\x64\debug\2d.tlog\link.read.1.tlog
c:\neumontworkspace\graphics programming\2d\2d\x64\debug\2d.tlog\link.secondary.1.tlog
c:\neumontworkspace\graphics programming\2d\2d\x64\debug\2d.tlog\link.write.1.tlog
