c:\neumontworkspace\graphics programming\2d\2d\x64\release\vc143.pdb
c:\neumontworkspace\graphics programming\2d\2d\x64\release\vertexshader.obj
c:\neumontworkspace\graphics programming\2d\2d\x64\release\shader.obj
c:\neumontworkspace\graphics programming\2d\2d\x64\release\renderer.obj
c:\neumontworkspace\graphics programming\2d\2d\x64\release\rasterizer.obj
c:\neumontworkspace\graphics programming\2d\2d\x64\release\postprocess.obj
c:\neumontworkspace\graphics programming\2d\2d\x64\release\model.obj
c:\neumontworkspace\graphics programming\2d\2d\x64\release\main.obj
c:\neumontworkspace\graphics programming\2d\2d\x64\release\input.obj
c:\neumontworkspace\graphics programming\2d\2d\x64\release\image.obj
c:\neumontworkspace\graphics programming\2d\2d\x64\release\framebuffer.obj
c:\neumontworkspace\graphics programming\2d\2d\x64\release\fragmentshader.obj
c:\neumontworkspace\graphics programming\2d\2d\x64\release\etime.obj
c:\neumontworkspace\graphics programming\2d\2d\x64\release\color.obj
c:\neumontworkspace\graphics programming\2d\2d\x64\release\camera.obj
c:\neumontworkspace\graphics programming\2d\2d\x64\release\actor.obj
c:\neumontworkspace\graphics programming\2d\x64\release\2d.exe
c:\neumontworkspace\graphics programming\2d\x64\release\2d.pdb
c:\neumontworkspace\graphics programming\2d\2d\x64\release\2d.ipdb
c:\neumontworkspace\graphics programming\2d\2d\x64\release\2d.iobj
c:\neumontworkspace\graphics programming\2d\2d\x64\release\2d.tlog\cl.command.1.tlog
c:\neumontworkspace\graphics programming\2d\2d\x64\release\2d.tlog\cl.items.tlog
c:\neumontworkspace\graphics programming\2d\2d\x64\release\2d.tlog\cl.read.1.tlog
c:\neumontworkspace\graphics programming\2d\2d\x64\release\2d.tlog\cl.write.1.tlog
c:\neumontworkspace\graphics programming\2d\2d\x64\release\2d.tlog\link.command.1.tlog
c:\neumontworkspace\graphics programming\2d\2d\x64\release\2d.tlog\link.read.1.tlog
c:\neumontworkspace\graphics programming\2d\2d\x64\release\2d.tlog\link.secondary.1.tlog
c:\neumontworkspace\graphics programming\2d\2d\x64\release\2d.tlog\link.write.1.tlog
