  Actor.cpp
  Camera.cpp
C:\NeumontWorkspace\Graphics Programming\2D\RayTracer\Source\Camera.cpp(31,19): warning C4244: 'initializing': conversion from 'double' to 'float', possible loss of data
  Color.cpp
  ETime.cpp
  Framebuffer.cpp
  Image.cpp
  Input.cpp
  Main.cpp
  Material.cpp
  Model.cpp
  Plane.cpp
  PostProcess.cpp
C:\NeumontWorkspace\Graphics Programming\2D\RayTracer\Source\PostProcess.cpp(198,9): warning C4244: 'initializing': conversion from 'double' to 'int', possible loss of data
  Renderer.cpp
  Scene.cpp
  Sphere.cpp
  Tracer.cpp
  Generating code
  Previous IPDB not found, fall back to full compilation.
  All 537 functions were compiled because no usable IPDB/IOBJ from previous compilation was found.
  Finished generating code
  RayTracer.vcxproj -> C:\NeumontWorkspace\Graphics Programming\2D\x64\Release\RayTracer.exe
